<?xml version="1.0" encoding="UTF-8"?>
<!-- Generated by org.testng.reporters.JUnitXMLReporter -->
<testsuite ignored="8" hostname="DESKTOP-L8OREJ5" failures="0" tests="8" name="Test" time="87.6" errors="0" timestamp="2026-02-13T14:01:51 IST">
  <testcase classname="cromaTestspkg.HomePageTest" name="verifyHamburgerMenuVisible" time="0.846"/>
  <testcase classname="cromaTestspkg.HomePageTest" name="verifyHomepageloads" time="0.191"/>
  <testcase classname="cromaTestspkg.HomePageTest" name="verifyLogoNavigatesToHome" time="5.058"/>
  <testcase classname="cromaTestspkg.LoginTest" name="verifyLogin" time="23.115"/>
  <testcase classname="cromaTestspkg.SearchResultsPageTest" name="searchResultandProduct" time="9.204"/>
  <testcase classname="cromaTestspkg.ProductPageTest" name="producttoCart" time="17.104"/>
  <testcase classname="cromaTestspkg.CartPageTest" name="productAddedandclickLogo" time="1.727"/>
  <testcase classname="cromaTestspkg.CartPageTest" name="verifyCartpageTitle" time="3.024"/>
  <testcase classname="cromaBasepkg.BaseTest" name="@BeforeTest setUp" time="0.0">
    <ignored/>
  </testcase> <!-- @BeforeTest setUp -->
  <testcase classname="cromaBasepkg.BaseTest" name="@BeforeTest setUp" time="0.0">
    <ignored/>
  </testcase> <!-- @BeforeTest setUp -->
  <testcase classname="cromaBasepkg.BaseTest" name="@BeforeTest setUp" time="0.0">
    <ignored/>
  </testcase> <!-- @BeforeTest setUp -->
  <testcase classname="cromaBasepkg.BaseTest" name="@BeforeTest setUp" time="0.0">
    <ignored/>
  </testcase> <!-- @BeforeTest setUp -->
  <testcase classname="cromaBasepkg.BaseTest" name="@AfterTest tearDown" time="0.0">
    <ignored/>
  </testcase> <!-- @AfterTest tearDown -->
  <testcase classname="cromaBasepkg.BaseTest" name="@AfterTest tearDown" time="0.0">
    <ignored/>
  </testcase> <!-- @AfterTest tearDown -->
  <testcase classname="cromaBasepkg.BaseTest" name="@AfterTest tearDown" time="0.0">
    <ignored/>
  </testcase> <!-- @AfterTest tearDown -->
  <testcase classname="cromaBasepkg.BaseTest" name="@AfterTest tearDown" time="0.0">
    <ignored/>
  </testcase> <!-- @AfterTest tearDown -->
</testsuite> <!-- Test -->
