<?xml version="1.0" encoding="UTF-8"?>
<!-- Generated by org.testng.reporters.JUnitReportReporter -->
<testsuite hostname="DESKTOP-L8OREJ5" failures="0" tests="3" name="cromaTestspkg.HomePageTest" time="6.273" errors="0" timestamp="2026-02-13T14:01:52 IST" skipped="0">
  <testcase classname="cromaTestspkg.HomePageTest" name="verifyHomepageloads" time="0.346"/>
  <testcase classname="cromaTestspkg.HomePageTest" name="verifyLogoNavigatesToHome" time="5.077"/>
  <testcase classname="cromaTestspkg.HomePageTest" name="verifyHamburgerMenuVisible" time="0.850"/>
</testsuite> <!-- cromaTestspkg.HomePageTest -->
