<?xml version="1.0" encoding="UTF-8"?>
<!-- Generated by org.testng.reporters.JUnitReportReporter -->
<testsuite hostname="DESKTOP-L8OREJ5" failures="0" tests="2" name="cromaTestspkg.CartPageTest" time="4.770" errors="0" timestamp="2026-02-13T14:01:52 IST" skipped="0">
  <testcase classname="cromaTestspkg.CartPageTest" name="productAddedandclickLogo" time="1.743"/>
  <testcase classname="cromaTestspkg.CartPageTest" name="verifyCartpageTitle" time="3.027"/>
</testsuite> <!-- cromaTestspkg.CartPageTest -->
